<?xml version="1.0" encoding="UTF-8"?>
<testsuite xmlns:xsi="http://www.w3.org/2001/XMLSchema-instance" xsi:noNamespaceSchemaLocation="https://maven.apache.org/surefire/maven-surefire-plugin/xsd/surefire-test-report.xsd" name="tn.esprit.devops_project.services.StockServiceImplTest" time="38.016" tests="3" errors="1" skipped="0" failures="2">
  <properties>
    <property name="awt.toolkit" value="sun.awt.X11.XToolkit"/>
    <property name="java.specification.version" value="11"/>
    <property name="sun.cpu.isalist" value=""/>
    <property name="sun.jnu.encoding" value="UTF-8"/>
    <property name="java.class.path" value="/home/devops/.git/jinkinsHomework/target/test-classes:/home/devops/.git/jinkinsHomework/target/classes:/root/.m2/repository/org/springframework/boot/spring-boot-starter-data-jpa/2.7.13/spring-boot-starter-data-jpa-2.7.13.jar:/root/.m2/repository/org/springframework/boot/spring-boot-starter-aop/2.7.13/spring-boot-starter-aop-2.7.13.jar:/root/.m2/repository/org/springframework/spring-aop/5.3.28/spring-aop-5.3.28.jar:/root/.m2/repository/org/aspectj/aspectjweaver/1.9.7/aspectjweaver-1.9.7.jar:/root/.m2/repository/org/springframework/boot/spring-boot-starter-jdbc/2.7.13/spring-boot-starter-jdbc-2.7.13.jar:/root/.m2/repository/com/zaxxer/HikariCP/4.0.3/HikariCP-4.0.3.jar:/root/.m2/repository/org/springframework/spring-jdbc/5.3.28/spring-jdbc-5.3.28.jar:/root/.m2/repository/jakarta/transaction/jakarta.transaction-api/1.3.3/jakarta.transaction-api-1.3.3.jar:/root/.m2/repository/jakarta/persistence/jakarta.persistence-api/2.2.3/jakarta.persistence-api-2.2.3.jar:/root/.m2/repository/org/hibernate/hibernate-core/5.6.15.Final/hibernate-core-5.6.15.Final.jar:/root/.m2/repository/org/jboss/logging/jboss-logging/3.4.3.Final/jboss-logging-3.4.3.Final.jar:/root/.m2/repository/net/bytebuddy/byte-buddy/1.12.23/byte-buddy-1.12.23.jar:/root/.m2/repository/antlr/antlr/2.7.7/antlr-2.7.7.jar:/root/.m2/repository/org/jboss/jandex/2.4.2.Final/jandex-2.4.2.Final.jar:/root/.m2/repository/com/fasterxml/classmate/1.5.1/classmate-1.5.1.jar:/root/.m2/repository/org/hibernate/common/hibernate-commons-annotations/5.1.2.Final/hibernate-commons-annotations-5.1.2.Final.jar:/root/.m2/repository/org/glassfish/jaxb/jaxb-runtime/2.3.8/jaxb-runtime-2.3.8.jar:/root/.m2/repository/org/glassfish/jaxb/txw2/2.3.8/txw2-2.3.8.jar:/root/.m2/repository/com/sun/istack/istack-commons-runtime/3.0.12/istack-commons-runtime-3.0.12.jar:/root/.m2/repository/com/sun/activation/jakarta.activation/1.2.2/jakarta.activation-1.2.2.jar:/root/.m2/repository/org/springframework/data/spring-data-jpa/2.7.13/spring-data-jpa-2.7.13.jar:/root/.m2/repository/org/springframework/data/spring-data-commons/2.7.13/spring-data-commons-2.7.13.jar:/root/.m2/repository/org/springframework/spring-orm/5.3.28/spring-orm-5.3.28.jar:/root/.m2/repository/org/springframework/spring-context/5.3.28/spring-context-5.3.28.jar:/root/.m2/repository/org/springframework/spring-tx/5.3.28/spring-tx-5.3.28.jar:/root/.m2/repository/org/springframework/spring-beans/5.3.28/spring-beans-5.3.28.jar:/root/.m2/repository/org/slf4j/slf4j-api/1.7.36/slf4j-api-1.7.36.jar:/root/.m2/repository/org/springframework/spring-aspects/5.3.28/spring-aspects-5.3.28.jar:/root/.m2/repository/org/springframework/boot/spring-boot-starter-web/2.7.13/spring-boot-starter-web-2.7.13.jar:/root/.m2/repository/org/springframework/boot/spring-boot-starter/2.7.13/spring-boot-starter-2.7.13.jar:/root/.m2/repository/org/springframework/boot/spring-boot/2.7.13/spring-boot-2.7.13.jar:/root/.m2/repository/org/springframework/boot/spring-boot-autoconfigure/2.7.13/spring-boot-autoconfigure-2.7.13.jar:/root/.m2/repository/org/springframework/boot/spring-boot-starter-logging/2.7.13/spring-boot-starter-logging-2.7.13.jar:/root/.m2/repository/ch/qos/logback/logback-classic/1.2.12/logback-classic-1.2.12.jar:/root/.m2/repository/ch/qos/logback/logback-core/1.2.12/logback-core-1.2.12.jar:/root/.m2/repository/org/apache/logging/log4j/log4j-to-slf4j/2.17.2/log4j-to-slf4j-2.17.2.jar:/root/.m2/repository/org/apache/logging/log4j/log4j-api/2.17.2/log4j-api-2.17.2.jar:/root/.m2/repository/org/slf4j/jul-to-slf4j/1.7.36/jul-to-slf4j-1.7.36.jar:/root/.m2/repository/jakarta/annotation/jakarta.annotation-api/1.3.5/jakarta.annotation-api-1.3.5.jar:/root/.m2/repository/org/yaml/snakeyaml/1.30/snakeyaml-1.30.jar:/root/.m2/repository/org/springframework/boot/spring-boot-starter-json/2.7.13/spring-boot-starter-json-2.7.13.jar:/root/.m2/repository/com/fasterxml/jackson/core/jackson-databind/2.13.5/jackson-databind-2.13.5.jar:/root/.m2/repository/com/fasterxml/jackson/core/jackson-annotations/2.13.5/jackson-annotations-2.13.5.jar:/root/.m2/repository/com/fasterxml/jackson/core/jackson-core/2.13.5/jackson-core-2.13.5.jar:/root/.m2/repository/com/fasterxml/jackson/datatype/jackson-datatype-jdk8/2.13.5/jackson-datatype-jdk8-2.13.5.jar:/root/.m2/repository/com/fasterxml/jackson/datatype/jackson-datatype-jsr310/2.13.5/jackson-datatype-jsr310-2.13.5.jar:/root/.m2/repository/com/fasterxml/jackson/module/jackson-module-parameter-names/2.13.5/jackson-module-parameter-names-2.13.5.jar:/root/.m2/repository/org/springframework/boot/spring-boot-starter-tomcat/2.7.13/spring-boot-starter-tomcat-2.7.13.jar:/root/.m2/repository/org/apache/tomcat/embed/tomcat-embed-core/9.0.76/tomcat-embed-core-9.0.76.jar:/root/.m2/repository/org/apache/tomcat/embed/tomcat-embed-el/9.0.76/tomcat-embed-el-9.0.76.jar:/root/.m2/repository/org/apache/tomcat/embed/tomcat-embed-websocket/9.0.76/tomcat-embed-websocket-9.0.76.jar:/root/.m2/repository/org/springframework/spring-web/5.3.28/spring-web-5.3.28.jar:/root/.m2/repository/org/springframework/spring-webmvc/5.3.28/spring-webmvc-5.3.28.jar:/root/.m2/repository/org/springframework/spring-expression/5.3.28/spring-expression-5.3.28.jar:/root/.m2/repository/com/mysql/mysql-connector-j/8.0.33/mysql-connector-j-8.0.33.jar:/root/.m2/repository/org/projectlombok/lombok/1.18.28/lombok-1.18.28.jar:/root/.m2/repository/org/springframework/boot/spring-boot-starter-test/2.7.13/spring-boot-starter-test-2.7.13.jar:/root/.m2/repository/org/springframework/boot/spring-boot-test/2.7.13/spring-boot-test-2.7.13.jar:/root/.m2/repository/org/springframework/boot/spring-boot-test-autoconfigure/2.7.13/spring-boot-test-autoconfigure-2.7.13.jar:/root/.m2/repository/com/jayway/jsonpath/json-path/2.7.0/json-path-2.7.0.jar:/root/.m2/repository/net/minidev/json-smart/2.4.11/json-smart-2.4.11.jar:/root/.m2/repository/net/minidev/accessors-smart/2.4.11/accessors-smart-2.4.11.jar:/root/.m2/repository/org/ow2/asm/asm/9.3/asm-9.3.jar:/root/.m2/repository/jakarta/xml/bind/jakarta.xml.bind-api/2.3.3/jakarta.xml.bind-api-2.3.3.jar:/root/.m2/repository/jakarta/activation/jakarta.activation-api/1.2.2/jakarta.activation-api-1.2.2.jar:/root/.m2/repository/org/assertj/assertj-core/3.22.0/assertj-core-3.22.0.jar:/root/.m2/repository/org/hamcrest/hamcrest/2.2/hamcrest-2.2.jar:/root/.m2/repository/org/junit/jupiter/junit-jupiter/5.8.2/junit-jupiter-5.8.2.jar:/root/.m2/repository/org/junit/jupiter/junit-jupiter-api/5.8.2/junit-jupiter-api-5.8.2.jar:/root/.m2/repository/org/opentest4j/opentest4j/1.2.0/opentest4j-1.2.0.jar:/root/.m2/repository/org/junit/platform/junit-platform-commons/1.8.2/junit-platform-commons-1.8.2.jar:/root/.m2/repository/org/apiguardian/apiguardian-api/1.1.2/apiguardian-api-1.1.2.jar:/root/.m2/repository/org/junit/jupiter/junit-jupiter-params/5.8.2/junit-jupiter-params-5.8.2.jar:/root/.m2/repository/org/junit/jupiter/junit-jupiter-engine/5.8.2/junit-jupiter-engine-5.8.2.jar:/root/.m2/repository/org/junit/platform/junit-platform-engine/1.8.2/junit-platform-engine-1.8.2.jar:/root/.m2/repository/org/mockito/mockito-core/4.5.1/mockito-core-4.5.1.jar:/root/.m2/repository/net/bytebuddy/byte-buddy-agent/1.12.23/byte-buddy-agent-1.12.23.jar:/root/.m2/repository/org/objenesis/objenesis/3.2/objenesis-3.2.jar:/root/.m2/repository/org/mockito/mockito-junit-jupiter/4.5.1/mockito-junit-jupiter-4.5.1.jar:/root/.m2/repository/org/skyscreamer/jsonassert/1.5.1/jsonassert-1.5.1.jar:/root/.m2/repository/com/vaadin/external/google/android-json/0.0.20131108.vaadin1/android-json-0.0.20131108.vaadin1.jar:/root/.m2/repository/org/springframework/spring-core/5.3.28/spring-core-5.3.28.jar:/root/.m2/repository/org/springframework/spring-jcl/5.3.28/spring-jcl-5.3.28.jar:/root/.m2/repository/org/springframework/spring-test/5.3.28/spring-test-5.3.28.jar:/root/.m2/repository/org/xmlunit/xmlunit-core/2.9.1/xmlunit-core-2.9.1.jar:/root/.m2/repository/com/h2database/h2/1.4.200/h2-1.4.200.jar:/root/.m2/repository/com/github/springtestdbunit/spring-test-dbunit/1.3.0/spring-test-dbunit-1.3.0.jar:/root/.m2/repository/org/springdoc/springdoc-openapi-ui/1.7.0/springdoc-openapi-ui-1.7.0.jar:/root/.m2/repository/org/springdoc/springdoc-openapi-webmvc-core/1.7.0/springdoc-openapi-webmvc-core-1.7.0.jar:/root/.m2/repository/org/springdoc/springdoc-openapi-common/1.7.0/springdoc-openapi-common-1.7.0.jar:/root/.m2/repository/io/swagger/core/v3/swagger-core/2.2.9/swagger-core-2.2.9.jar:/root/.m2/repository/org/apache/commons/commons-lang3/3.12.0/commons-lang3-3.12.0.jar:/root/.m2/repository/com/fasterxml/jackson/dataformat/jackson-dataformat-yaml/2.13.5/jackson-dataformat-yaml-2.13.5.jar:/root/.m2/repository/io/swagger/core/v3/swagger-annotations/2.2.9/swagger-annotations-2.2.9.jar:/root/.m2/repository/io/swagger/core/v3/swagger-models/2.2.9/swagger-models-2.2.9.jar:/root/.m2/repository/jakarta/validation/jakarta.validation-api/2.0.2/jakarta.validation-api-2.0.2.jar:/root/.m2/repository/org/webjars/swagger-ui/4.18.2/swagger-ui-4.18.2.jar:/root/.m2/repository/org/springframework/boot/spring-boot-starter-actuator/2.7.13/spring-boot-starter-actuator-2.7.13.jar:/root/.m2/repository/org/springframework/boot/spring-boot-actuator-autoconfigure/2.7.13/spring-boot-actuator-autoconfigure-2.7.13.jar:/root/.m2/repository/org/springframework/boot/spring-boot-actuator/2.7.13/spring-boot-actuator-2.7.13.jar:/root/.m2/repository/io/micrometer/micrometer-core/1.9.12/micrometer-core-1.9.12.jar:/root/.m2/repository/org/hdrhistogram/HdrHistogram/2.1.12/HdrHistogram-2.1.12.jar:/root/.m2/repository/org/latencyutils/LatencyUtils/2.0.3/LatencyUtils-2.0.3.jar:"/>
    <property name="java.vm.vendor" value="Ubuntu"/>
    <property name="sun.arch.data.model" value="64"/>
    <property name="java.vendor.url" value="https://ubuntu.com/"/>
    <property name="user.timezone" value=""/>
    <property name="java.vm.specification.version" value="11"/>
    <property name="os.name" value="Linux"/>
    <property name="sun.java.launcher" value="SUN_STANDARD"/>
    <property name="user.country" value="US"/>
    <property name="sun.boot.library.path" value="/usr/lib/jvm/java-11-openjdk-amd64/lib"/>
    <property name="sun.java.command" value="/home/devops/.git/jinkinsHomework/target/surefire/surefirebooter16369044040938467636.jar /home/devops/.git/jinkinsHomework/target/surefire 2023-11-01T14-51-50_349-jvmRun1 surefire5104639547907528298tmp surefire_04535186572343650217tmp"/>
    <property name="jdk.debug" value="release"/>
    <property name="surefire.test.class.path" value="/home/devops/.git/jinkinsHomework/target/test-classes:/home/devops/.git/jinkinsHomework/target/classes:/root/.m2/repository/org/springframework/boot/spring-boot-starter-data-jpa/2.7.13/spring-boot-starter-data-jpa-2.7.13.jar:/root/.m2/repository/org/springframework/boot/spring-boot-starter-aop/2.7.13/spring-boot-starter-aop-2.7.13.jar:/root/.m2/repository/org/springframework/spring-aop/5.3.28/spring-aop-5.3.28.jar:/root/.m2/repository/org/aspectj/aspectjweaver/1.9.7/aspectjweaver-1.9.7.jar:/root/.m2/repository/org/springframework/boot/spring-boot-starter-jdbc/2.7.13/spring-boot-starter-jdbc-2.7.13.jar:/root/.m2/repository/com/zaxxer/HikariCP/4.0.3/HikariCP-4.0.3.jar:/root/.m2/repository/org/springframework/spring-jdbc/5.3.28/spring-jdbc-5.3.28.jar:/root/.m2/repository/jakarta/transaction/jakarta.transaction-api/1.3.3/jakarta.transaction-api-1.3.3.jar:/root/.m2/repository/jakarta/persistence/jakarta.persistence-api/2.2.3/jakarta.persistence-api-2.2.3.jar:/root/.m2/repository/org/hibernate/hibernate-core/5.6.15.Final/hibernate-core-5.6.15.Final.jar:/root/.m2/repository/org/jboss/logging/jboss-logging/3.4.3.Final/jboss-logging-3.4.3.Final.jar:/root/.m2/repository/net/bytebuddy/byte-buddy/1.12.23/byte-buddy-1.12.23.jar:/root/.m2/repository/antlr/antlr/2.7.7/antlr-2.7.7.jar:/root/.m2/repository/org/jboss/jandex/2.4.2.Final/jandex-2.4.2.Final.jar:/root/.m2/repository/com/fasterxml/classmate/1.5.1/classmate-1.5.1.jar:/root/.m2/repository/org/hibernate/common/hibernate-commons-annotations/5.1.2.Final/hibernate-commons-annotations-5.1.2.Final.jar:/root/.m2/repository/org/glassfish/jaxb/jaxb-runtime/2.3.8/jaxb-runtime-2.3.8.jar:/root/.m2/repository/org/glassfish/jaxb/txw2/2.3.8/txw2-2.3.8.jar:/root/.m2/repository/com/sun/istack/istack-commons-runtime/3.0.12/istack-commons-runtime-3.0.12.jar:/root/.m2/repository/com/sun/activation/jakarta.activation/1.2.2/jakarta.activation-1.2.2.jar:/root/.m2/repository/org/springframework/data/spring-data-jpa/2.7.13/spring-data-jpa-2.7.13.jar:/root/.m2/repository/org/springframework/data/spring-data-commons/2.7.13/spring-data-commons-2.7.13.jar:/root/.m2/repository/org/springframework/spring-orm/5.3.28/spring-orm-5.3.28.jar:/root/.m2/repository/org/springframework/spring-context/5.3.28/spring-context-5.3.28.jar:/root/.m2/repository/org/springframework/spring-tx/5.3.28/spring-tx-5.3.28.jar:/root/.m2/repository/org/springframework/spring-beans/5.3.28/spring-beans-5.3.28.jar:/root/.m2/repository/org/slf4j/slf4j-api/1.7.36/slf4j-api-1.7.36.jar:/root/.m2/repository/org/springframework/spring-aspects/5.3.28/spring-aspects-5.3.28.jar:/root/.m2/repository/org/springframework/boot/spring-boot-starter-web/2.7.13/spring-boot-starter-web-2.7.13.jar:/root/.m2/repository/org/springframework/boot/spring-boot-starter/2.7.13/spring-boot-starter-2.7.13.jar:/root/.m2/repository/org/springframework/boot/spring-boot/2.7.13/spring-boot-2.7.13.jar:/root/.m2/repository/org/springframework/boot/spring-boot-autoconfigure/2.7.13/spring-boot-autoconfigure-2.7.13.jar:/root/.m2/repository/org/springframework/boot/spring-boot-starter-logging/2.7.13/spring-boot-starter-logging-2.7.13.jar:/root/.m2/repository/ch/qos/logback/logback-classic/1.2.12/logback-classic-1.2.12.jar:/root/.m2/repository/ch/qos/logback/logback-core/1.2.12/logback-core-1.2.12.jar:/root/.m2/repository/org/apache/logging/log4j/log4j-to-slf4j/2.17.2/log4j-to-slf4j-2.17.2.jar:/root/.m2/repository/org/apache/logging/log4j/log4j-api/2.17.2/log4j-api-2.17.2.jar:/root/.m2/repository/org/slf4j/jul-to-slf4j/1.7.36/jul-to-slf4j-1.7.36.jar:/root/.m2/repository/jakarta/annotation/jakarta.annotation-api/1.3.5/jakarta.annotation-api-1.3.5.jar:/root/.m2/repository/org/yaml/snakeyaml/1.30/snakeyaml-1.30.jar:/root/.m2/repository/org/springframework/boot/spring-boot-starter-json/2.7.13/spring-boot-starter-json-2.7.13.jar:/root/.m2/repository/com/fasterxml/jackson/core/jackson-databind/2.13.5/jackson-databind-2.13.5.jar:/root/.m2/repository/com/fasterxml/jackson/core/jackson-annotations/2.13.5/jackson-annotations-2.13.5.jar:/root/.m2/repository/com/fasterxml/jackson/core/jackson-core/2.13.5/jackson-core-2.13.5.jar:/root/.m2/repository/com/fasterxml/jackson/datatype/jackson-datatype-jdk8/2.13.5/jackson-datatype-jdk8-2.13.5.jar:/root/.m2/repository/com/fasterxml/jackson/datatype/jackson-datatype-jsr310/2.13.5/jackson-datatype-jsr310-2.13.5.jar:/root/.m2/repository/com/fasterxml/jackson/module/jackson-module-parameter-names/2.13.5/jackson-module-parameter-names-2.13.5.jar:/root/.m2/repository/org/springframework/boot/spring-boot-starter-tomcat/2.7.13/spring-boot-starter-tomcat-2.7.13.jar:/root/.m2/repository/org/apache/tomcat/embed/tomcat-embed-core/9.0.76/tomcat-embed-core-9.0.76.jar:/root/.m2/repository/org/apache/tomcat/embed/tomcat-embed-el/9.0.76/tomcat-embed-el-9.0.76.jar:/root/.m2/repository/org/apache/tomcat/embed/tomcat-embed-websocket/9.0.76/tomcat-embed-websocket-9.0.76.jar:/root/.m2/repository/org/springframework/spring-web/5.3.28/spring-web-5.3.28.jar:/root/.m2/repository/org/springframework/spring-webmvc/5.3.28/spring-webmvc-5.3.28.jar:/root/.m2/repository/org/springframework/spring-expression/5.3.28/spring-expression-5.3.28.jar:/root/.m2/repository/com/mysql/mysql-connector-j/8.0.33/mysql-connector-j-8.0.33.jar:/root/.m2/repository/org/projectlombok/lombok/1.18.28/lombok-1.18.28.jar:/root/.m2/repository/org/springframework/boot/spring-boot-starter-test/2.7.13/spring-boot-starter-test-2.7.13.jar:/root/.m2/repository/org/springframework/boot/spring-boot-test/2.7.13/spring-boot-test-2.7.13.jar:/root/.m2/repository/org/springframework/boot/spring-boot-test-autoconfigure/2.7.13/spring-boot-test-autoconfigure-2.7.13.jar:/root/.m2/repository/com/jayway/jsonpath/json-path/2.7.0/json-path-2.7.0.jar:/root/.m2/repository/net/minidev/json-smart/2.4.11/json-smart-2.4.11.jar:/root/.m2/repository/net/minidev/accessors-smart/2.4.11/accessors-smart-2.4.11.jar:/root/.m2/repository/org/ow2/asm/asm/9.3/asm-9.3.jar:/root/.m2/repository/jakarta/xml/bind/jakarta.xml.bind-api/2.3.3/jakarta.xml.bind-api-2.3.3.jar:/root/.m2/repository/jakarta/activation/jakarta.activation-api/1.2.2/jakarta.activation-api-1.2.2.jar:/root/.m2/repository/org/assertj/assertj-core/3.22.0/assertj-core-3.22.0.jar:/root/.m2/repository/org/hamcrest/hamcrest/2.2/hamcrest-2.2.jar:/root/.m2/repository/org/junit/jupiter/junit-jupiter/5.8.2/junit-jupiter-5.8.2.jar:/root/.m2/repository/org/junit/jupiter/junit-jupiter-api/5.8.2/junit-jupiter-api-5.8.2.jar:/root/.m2/repository/org/opentest4j/opentest4j/1.2.0/opentest4j-1.2.0.jar:/root/.m2/repository/org/junit/platform/junit-platform-commons/1.8.2/junit-platform-commons-1.8.2.jar:/root/.m2/repository/org/apiguardian/apiguardian-api/1.1.2/apiguardian-api-1.1.2.jar:/root/.m2/repository/org/junit/jupiter/junit-jupiter-params/5.8.2/junit-jupiter-params-5.8.2.jar:/root/.m2/repository/org/junit/jupiter/junit-jupiter-engine/5.8.2/junit-jupiter-engine-5.8.2.jar:/root/.m2/repository/org/junit/platform/junit-platform-engine/1.8.2/junit-platform-engine-1.8.2.jar:/root/.m2/repository/org/mockito/mockito-core/4.5.1/mockito-core-4.5.1.jar:/root/.m2/repository/net/bytebuddy/byte-buddy-agent/1.12.23/byte-buddy-agent-1.12.23.jar:/root/.m2/repository/org/objenesis/objenesis/3.2/objenesis-3.2.jar:/root/.m2/repository/org/mockito/mockito-junit-jupiter/4.5.1/mockito-junit-jupiter-4.5.1.jar:/root/.m2/repository/org/skyscreamer/jsonassert/1.5.1/jsonassert-1.5.1.jar:/root/.m2/repository/com/vaadin/external/google/android-json/0.0.20131108.vaadin1/android-json-0.0.20131108.vaadin1.jar:/root/.m2/repository/org/springframework/spring-core/5.3.28/spring-core-5.3.28.jar:/root/.m2/repository/org/springframework/spring-jcl/5.3.28/spring-jcl-5.3.28.jar:/root/.m2/repository/org/springframework/spring-test/5.3.28/spring-test-5.3.28.jar:/root/.m2/repository/org/xmlunit/xmlunit-core/2.9.1/xmlunit-core-2.9.1.jar:/root/.m2/repository/com/h2database/h2/1.4.200/h2-1.4.200.jar:/root/.m2/repository/com/github/springtestdbunit/spring-test-dbunit/1.3.0/spring-test-dbunit-1.3.0.jar:/root/.m2/repository/org/springdoc/springdoc-openapi-ui/1.7.0/springdoc-openapi-ui-1.7.0.jar:/root/.m2/repository/org/springdoc/springdoc-openapi-webmvc-core/1.7.0/springdoc-openapi-webmvc-core-1.7.0.jar:/root/.m2/repository/org/springdoc/springdoc-openapi-common/1.7.0/springdoc-openapi-common-1.7.0.jar:/root/.m2/repository/io/swagger/core/v3/swagger-core/2.2.9/swagger-core-2.2.9.jar:/root/.m2/repository/org/apache/commons/commons-lang3/3.12.0/commons-lang3-3.12.0.jar:/root/.m2/repository/com/fasterxml/jackson/dataformat/jackson-dataformat-yaml/2.13.5/jackson-dataformat-yaml-2.13.5.jar:/root/.m2/repository/io/swagger/core/v3/swagger-annotations/2.2.9/swagger-annotations-2.2.9.jar:/root/.m2/repository/io/swagger/core/v3/swagger-models/2.2.9/swagger-models-2.2.9.jar:/root/.m2/repository/jakarta/validation/jakarta.validation-api/2.0.2/jakarta.validation-api-2.0.2.jar:/root/.m2/repository/org/webjars/swagger-ui/4.18.2/swagger-ui-4.18.2.jar:/root/.m2/repository/org/springframework/boot/spring-boot-starter-actuator/2.7.13/spring-boot-starter-actuator-2.7.13.jar:/root/.m2/repository/org/springframework/boot/spring-boot-actuator-autoconfigure/2.7.13/spring-boot-actuator-autoconfigure-2.7.13.jar:/root/.m2/repository/org/springframework/boot/spring-boot-actuator/2.7.13/spring-boot-actuator-2.7.13.jar:/root/.m2/repository/io/micrometer/micrometer-core/1.9.12/micrometer-core-1.9.12.jar:/root/.m2/repository/org/hdrhistogram/HdrHistogram/2.1.12/HdrHistogram-2.1.12.jar:/root/.m2/repository/org/latencyutils/LatencyUtils/2.0.3/LatencyUtils-2.0.3.jar:"/>
    <property name="sun.cpu.endian" value="little"/>
    <property name="user.home" value="/root"/>
    <property name="user.language" value="en"/>
    <property name="java.specification.vendor" value="Oracle Corporation"/>
    <property name="java.version.date" value="2023-08-24"/>
    <property name="java.home" value="/usr/lib/jvm/java-11-openjdk-amd64"/>
    <property name="file.separator" value="/"/>
    <property name="basedir" value="/home/devops/.git/jinkinsHomework"/>
    <property name="java.vm.compressedOopsMode" value="Zero based"/>
    <property name="line.separator" value="&#10;"/>
    <property name="java.specification.name" value="Java Platform API Specification"/>
    <property name="java.vm.specification.vendor" value="Oracle Corporation"/>
    <property name="java.awt.graphicsenv" value="sun.awt.X11GraphicsEnvironment"/>
    <property name="surefire.real.class.path" value="/home/devops/.git/jinkinsHomework/target/surefire/surefirebooter16369044040938467636.jar"/>
    <property name="sun.management.compiler" value="HotSpot 64-Bit Tiered Compilers"/>
    <property name="java.runtime.version" value="11.0.20.1+1-post-Ubuntu-0ubuntu120.04"/>
    <property name="user.name" value="root"/>
    <property name="path.separator" value=":"/>
    <property name="os.version" value="5.15.0-88-generic"/>
    <property name="java.runtime.name" value="OpenJDK Runtime Environment"/>
    <property name="file.encoding" value="UTF-8"/>
    <property name="java.vm.name" value="OpenJDK 64-Bit Server VM"/>
    <property name="localRepository" value="/root/.m2/repository"/>
    <property name="java.vendor.url.bug" value="https://bugs.launchpad.net/ubuntu/+source/openjdk-lts"/>
    <property name="java.io.tmpdir" value="/tmp"/>
    <property name="java.version" value="11.0.20.1"/>
    <property name="user.dir" value="/home/devops/.git/jinkinsHomework"/>
    <property name="os.arch" value="amd64"/>
    <property name="java.vm.specification.name" value="Java Virtual Machine Specification"/>
    <property name="java.awt.printerjob" value="sun.print.PSPrinterJob"/>
    <property name="sun.os.patch.level" value="unknown"/>
    <property name="java.library.path" value="/usr/java/packages/lib:/usr/lib/x86_64-linux-gnu/jni:/lib/x86_64-linux-gnu:/usr/lib/x86_64-linux-gnu:/usr/lib/jni:/lib:/usr/lib"/>
    <property name="java.vm.info" value="mixed mode, sharing"/>
    <property name="java.vendor" value="Ubuntu"/>
    <property name="java.vm.version" value="11.0.20.1+1-post-Ubuntu-0ubuntu120.04"/>
    <property name="java.specification.maintenance.version" value="2"/>
    <property name="sun.io.unicode.encoding" value="UnicodeLittle"/>
    <property name="java.class.version" value="55.0"/>
  </properties>
  <testcase name="addStock" classname="tn.esprit.devops_project.services.StockServiceImplTest" time="0.666">
    <failure message="expected: &lt;1&gt; but was: &lt;2&gt;" type="org.opentest4j.AssertionFailedError"><![CDATA[org.opentest4j.AssertionFailedError: expected: <1> but was: <2>
	at tn.esprit.devops_project.services.StockServiceImplTest.addStock(StockServiceImplTest.java:43)
]]></failure>
    <system-out><![CDATA[14:51:55.314 [main] DEBUG org.springframework.test.context.BootstrapUtils - Instantiating CacheAwareContextLoaderDelegate from class [org.springframework.test.context.cache.DefaultCacheAwareContextLoaderDelegate]
14:51:55.366 [main] DEBUG org.springframework.test.context.BootstrapUtils - Instantiating BootstrapContext using constructor [public org.springframework.test.context.support.DefaultBootstrapContext(java.lang.Class,org.springframework.test.context.CacheAwareContextLoaderDelegate)]
14:51:55.694 [main] DEBUG org.springframework.test.context.BootstrapUtils - Instantiating TestContextBootstrapper for test class [tn.esprit.devops_project.services.StockServiceImplTest] from class [org.springframework.boot.test.context.SpringBootTestContextBootstrapper]
14:51:55.764 [main] INFO org.springframework.boot.test.context.SpringBootTestContextBootstrapper - Neither @ContextConfiguration nor @ContextHierarchy found for test class [tn.esprit.devops_project.services.StockServiceImplTest], using SpringBootContextLoader
14:51:55.789 [main] DEBUG org.springframework.test.context.support.AbstractContextLoader - Did not detect default resource location for test class [tn.esprit.devops_project.services.StockServiceImplTest]: class path resource [tn/esprit/devops_project/services/StockServiceImplTest-context.xml] does not exist
14:51:55.795 [main] DEBUG org.springframework.test.context.support.AbstractContextLoader - Did not detect default resource location for test class [tn.esprit.devops_project.services.StockServiceImplTest]: class path resource [tn/esprit/devops_project/services/StockServiceImplTestContext.groovy] does not exist
14:51:55.795 [main] INFO org.springframework.test.context.support.AbstractContextLoader - Could not detect default resource locations for test class [tn.esprit.devops_project.services.StockServiceImplTest]: no resource found for suffixes {-context.xml, Context.groovy}.
14:51:55.800 [main] INFO org.springframework.test.context.support.AnnotationConfigContextLoaderUtils - Could not detect default configuration classes for test class [tn.esprit.devops_project.services.StockServiceImplTest]: StockServiceImplTest does not declare any static, non-private, non-final, nested classes annotated with @Configuration.
14:51:57.147 [main] DEBUG org.springframework.context.annotation.ClassPathScanningCandidateComponentProvider - Identified candidate component class: file [/home/devops/.git/jinkinsHomework/target/classes/tn/esprit/devops_project/DevOps_ProjectSpringBootApplication.class]
14:51:57.162 [main] INFO org.springframework.boot.test.context.SpringBootTestContextBootstrapper - Found @SpringBootConfiguration tn.esprit.devops_project.DevOps_ProjectSpringBootApplication for test class tn.esprit.devops_project.services.StockServiceImplTest
14:51:58.029 [main] DEBUG org.springframework.boot.test.context.SpringBootTestContextBootstrapper - Skipping candidate TestExecutionListener [com.github.springtestdbunit.DbUnitTestExecutionListener] due to a missing dependency. Specify custom listener classes or make the default listener classes and their required dependencies available. Offending class: [org/dbunit/dataset/IDataSet]
14:51:58.029 [main] INFO org.springframework.boot.test.context.SpringBootTestContextBootstrapper - Using TestExecutionListeners: [org.springframework.test.context.support.DependencyInjectionTestExecutionListener@3eedd0e3, org.springframework.test.context.support.DirtiesContextTestExecutionListener@478089b6, org.springframework.test.context.transaction.TransactionalTestExecutionListener@72f35a31]
14:51:58.076 [main] DEBUG org.springframework.test.context.support.DependencyInjectionTestExecutionListener - Performing dependency injection for test context [[DefaultTestContext@54687fd0 testClass = StockServiceImplTest, testInstance = tn.esprit.devops_project.services.StockServiceImplTest@6eaf030c, testMethod = [null], testException = [null], mergedContextConfiguration = [WebMergedContextConfiguration@b2da3a5 testClass = StockServiceImplTest, locations = '{}', classes = '{class tn.esprit.devops_project.DevOps_ProjectSpringBootApplication}', contextInitializerClasses = '[]', activeProfiles = '{test}', propertySourceLocations = '{}', propertySourceProperties = '{org.springframework.boot.test.context.SpringBootTestContextBootstrapper=true}', contextCustomizers = set[org.springframework.boot.test.context.filter.ExcludeFilterContextCustomizer@78d71df1, org.springframework.boot.test.json.DuplicateJsonObjectContextCustomizerFactory$DuplicateJsonObjectContextCustomizer@4337afd, org.springframework.boot.test.mock.mockito.MockitoContextCustomizer@0, org.springframework.boot.test.web.client.TestRestTemplateContextCustomizer@2bc7db89, org.springframework.boot.test.autoconfigure.actuate.metrics.MetricsExportContextCustomizerFactory$DisableMetricExportContextCustomizer@4b1ec694, org.springframework.boot.test.autoconfigure.properties.PropertyMappingContextCustomizer@0, org.springframework.boot.test.autoconfigure.web.servlet.WebDriverContextCustomizerFactory$Customizer@66fb45e5, org.springframework.boot.test.context.SpringBootTestArgs@1, org.springframework.boot.test.context.SpringBootTestWebEnvironment@5ce33a58], resourceBasePath = 'src/main/webapp', contextLoader = 'org.springframework.boot.test.context.SpringBootContextLoader', parent = [null]], attributes = map['org.springframework.test.context.web.ServletTestExecutionListener.activateListener' -> true]]].

  .   ____          _            __ _ _
 /\\ / ___'_ __ _ _(_)_ __  __ _ \ \ \ \
( ( )\___ | '_ | '_| | '_ \/ _` | \ \ \ \
 \\/  ___)| |_)| | | | | || (_| |  ) ) ) )
  '  |____| .__|_| |_|_| |_\__, | / / / /
 =========|_|==============|___/=/_/_/_/
 :: Spring Boot ::               (v2.7.13)

2023-11-01 14:52:01.023  INFO 7965 --- [           main] t.e.d.services.StockServiceImplTest      : Starting StockServiceImplTest using Java 11.0.20.1 on ubuntu with PID 7965 (started by root in /home/devops/.git/jinkinsHomework)
2023-11-01 14:52:01.031  INFO 7965 --- [           main] t.e.d.services.StockServiceImplTest      : The following 1 profile is active: "test"
2023-11-01 14:52:08.551  INFO 7965 --- [           main] .s.d.r.c.RepositoryConfigurationDelegate : Bootstrapping Spring Data JPA repositories in DEFAULT mode.
2023-11-01 14:52:08.897  INFO 7965 --- [           main] .s.d.r.c.RepositoryConfigurationDelegate : Finished Spring Data repository scanning in 274 ms. Found 6 JPA repository interfaces.
2023-11-01 14:52:12.220  INFO 7965 --- [           main] o.hibernate.jpa.internal.util.LogHelper  : HHH000204: Processing PersistenceUnitInfo [name: default]
2023-11-01 14:52:12.560  INFO 7965 --- [           main] org.hibernate.Version                    : HHH000412: Hibernate ORM core version 5.6.15.Final
2023-11-01 14:52:13.563  INFO 7965 --- [           main] o.hibernate.annotations.common.Version   : HCANN000001: Hibernate Commons Annotations {5.1.2.Final}
2023-11-01 14:52:14.348  INFO 7965 --- [           main] com.zaxxer.hikari.HikariDataSource       : HikariPool-1 - Starting...
2023-11-01 14:52:15.710  INFO 7965 --- [           main] com.zaxxer.hikari.HikariDataSource       : HikariPool-1 - Start completed.
2023-11-01 14:52:15.883  INFO 7965 --- [           main] org.hibernate.dialect.Dialect            : HHH000400: Using dialect: org.hibernate.dialect.H2Dialect
Hibernate: create table invoice (id_invoice bigint generated by default as identity, amount_discount float not null, amount_invoice float not null, archived boolean, date_creation_invoice date, date_last_modification_invoice date, supplier_id_supplier bigint, primary key (id_invoice))
Hibernate: create table invoice_detail (id_invoice_detail bigint generated by default as identity, price float not null, quantity integer not null, invoice_id_invoice bigint, product_id_product bigint, primary key (id_invoice_detail))
Hibernate: create table operator (id_operateur bigint generated by default as identity, fname varchar(255), lname varchar(255), password varchar(255), primary key (id_operateur))
Hibernate: create table operator_invoices (operator_id_operateur bigint not null, invoices_id_invoice bigint not null, primary key (operator_id_operateur, invoices_id_invoice))
Hibernate: create table product (id_product bigint generated by default as identity, category varchar(255), price float not null, quantity integer not null, title varchar(255), stock_id_stock bigint, primary key (id_product))
Hibernate: create table stock (id_stock bigint generated by default as identity, title varchar(255), primary key (id_stock))
Hibernate: create table supplier (id_supplier bigint generated by default as identity, code varchar(255), label varchar(255), supplier_category varchar(255), primary key (id_supplier))
Hibernate: alter table operator_invoices drop constraint if exists UK_nnmg2fltofk8yrs7r5v7nu39q
Hibernate: alter table operator_invoices add constraint UK_nnmg2fltofk8yrs7r5v7nu39q unique (invoices_id_invoice)
Hibernate: alter table invoice add constraint FK211pcrtru21a8lt9qn10ii89k foreign key (supplier_id_supplier) references supplier
Hibernate: alter table invoice_detail add constraint FKe3e6jd926bti5bxu2sg43ayex foreign key (invoice_id_invoice) references invoice
Hibernate: alter table invoice_detail add constraint FKk3uyq1a6lb4hgccxwxbmyj51u foreign key (product_id_product) references product
Hibernate: alter table operator_invoices add constraint FKcc3kg7v0mwl58mnmm0w04bwoc foreign key (invoices_id_invoice) references invoice
Hibernate: alter table operator_invoices add constraint FKho8r5qqb74bybuxxcfo3b9hl0 foreign key (operator_id_operateur) references operator
Hibernate: alter table product add constraint FKq21d0dqncd4rvyapq2dtelyj1 foreign key (stock_id_stock) references stock
2023-11-01 14:52:21.624  INFO 7965 --- [           main] o.h.e.t.j.p.i.JtaPlatformInitiator       : HHH000490: Using JtaPlatform implementation: [org.hibernate.engine.transaction.jta.platform.internal.NoJtaPlatform]
2023-11-01 14:52:21.710  INFO 7965 --- [           main] j.LocalContainerEntityManagerFactoryBean : Initialized JPA EntityManagerFactory for persistence unit 'default'
2023-11-01 14:52:26.321  WARN 7965 --- [           main] JpaBaseConfiguration$JpaWebConfiguration : spring.jpa.open-in-view is enabled by default. Therefore, database queries may be performed during view rendering. Explicitly configure spring.jpa.open-in-view to disable this warning
2023-11-01 14:52:31.401  INFO 7965 --- [           main] o.s.b.a.e.web.EndpointLinksResolver      : Exposing 1 endpoint(s) beneath base path '/actuator'
2023-11-01 14:52:31.733  INFO 7965 --- [           main] t.e.d.services.StockServiceImplTest      : Started StockServiceImplTest in 33.156 seconds (JVM running for 40.66)
2023-11-01 14:52:32.004  INFO 7965 --- [           main] o.s.t.c.transaction.TransactionContext   : Began transaction (1) for test context [DefaultTestContext@54687fd0 testClass = StockServiceImplTest, testInstance = tn.esprit.devops_project.services.StockServiceImplTest@6eaf030c, testMethod = addStock@StockServiceImplTest, testException = [null], mergedContextConfiguration = [WebMergedContextConfiguration@b2da3a5 testClass = StockServiceImplTest, locations = '{}', classes = '{class tn.esprit.devops_project.DevOps_ProjectSpringBootApplication}', contextInitializerClasses = '[]', activeProfiles = '{test}', propertySourceLocations = '{}', propertySourceProperties = '{org.springframework.boot.test.context.SpringBootTestContextBootstrapper=true}', contextCustomizers = set[org.springframework.boot.test.context.filter.ExcludeFilterContextCustomizer@78d71df1, org.springframework.boot.test.json.DuplicateJsonObjectContextCustomizerFactory$DuplicateJsonObjectContextCustomizer@4337afd, org.springframework.boot.test.mock.mockito.MockitoContextCustomizer@0, org.springframework.boot.test.web.client.TestRestTemplateContextCustomizer@2bc7db89, org.springframework.boot.test.autoconfigure.actuate.metrics.MetricsExportContextCustomizerFactory$DisableMetricExportContextCustomizer@4b1ec694, org.springframework.boot.test.autoconfigure.properties.PropertyMappingContextCustomizer@0, org.springframework.boot.test.autoconfigure.web.servlet.WebDriverContextCustomizerFactory$Customizer@66fb45e5, org.springframework.boot.test.context.SpringBootTestArgs@1, org.springframework.boot.test.context.SpringBootTestWebEnvironment@5ce33a58], resourceBasePath = 'src/main/webapp', contextLoader = 'org.springframework.boot.test.context.SpringBootContextLoader', parent = [null]], attributes = map['org.springframework.test.context.web.ServletTestExecutionListener.activateListener' -> true]]; transaction manager [org.springframework.orm.jpa.JpaTransactionManager@646085c6]; rollback [true]
Hibernate: insert into stock (id_stock, title) values (default, ?)
Hibernate: select stock0_.id_stock as id_stock1_5_, stock0_.title as title2_5_ from stock stock0_
2023-11-01 14:52:32.492  INFO 7965 --- [           main] o.s.t.c.transaction.TransactionContext   : Rolled back transaction for test: [DefaultTestContext@54687fd0 testClass = StockServiceImplTest, testInstance = tn.esprit.devops_project.services.StockServiceImplTest@6eaf030c, testMethod = addStock@StockServiceImplTest, testException = org.opentest4j.AssertionFailedError: expected: <1> but was: <2>, mergedContextConfiguration = [WebMergedContextConfiguration@b2da3a5 testClass = StockServiceImplTest, locations = '{}', classes = '{class tn.esprit.devops_project.DevOps_ProjectSpringBootApplication}', contextInitializerClasses = '[]', activeProfiles = '{test}', propertySourceLocations = '{}', propertySourceProperties = '{org.springframework.boot.test.context.SpringBootTestContextBootstrapper=true}', contextCustomizers = set[org.springframework.boot.test.context.filter.ExcludeFilterContextCustomizer@78d71df1, org.springframework.boot.test.json.DuplicateJsonObjectContextCustomizerFactory$DuplicateJsonObjectContextCustomizer@4337afd, org.springframework.boot.test.mock.mockito.MockitoContextCustomizer@0, org.springframework.boot.test.web.client.TestRestTemplateContextCustomizer@2bc7db89, org.springframework.boot.test.autoconfigure.actuate.metrics.MetricsExportContextCustomizerFactory$DisableMetricExportContextCustomizer@4b1ec694, org.springframework.boot.test.autoconfigure.properties.PropertyMappingContextCustomizer@0, org.springframework.boot.test.autoconfigure.web.servlet.WebDriverContextCustomizerFactory$Customizer@66fb45e5, org.springframework.boot.test.context.SpringBootTestArgs@1, org.springframework.boot.test.context.SpringBootTestWebEnvironment@5ce33a58], resourceBasePath = 'src/main/webapp', contextLoader = 'org.springframework.boot.test.context.SpringBootContextLoader', parent = [null]], attributes = map['org.springframework.test.context.web.ServletTestExecutionListener.activateListener' -> true]]
]]></system-out>
  </testcase>
  <testcase name="retrieveAllStock" classname="tn.esprit.devops_project.services.StockServiceImplTest" time="0.149">
    <failure message="expected: &lt;0&gt; but was: &lt;1&gt;" type="org.opentest4j.AssertionFailedError"><![CDATA[org.opentest4j.AssertionFailedError: expected: <0> but was: <1>
	at tn.esprit.devops_project.services.StockServiceImplTest.retrieveAllStock(StockServiceImplTest.java:58)
]]></failure>
    <system-out><![CDATA[2023-11-01 14:52:32.644  INFO 7965 --- [           main] o.s.t.c.transaction.TransactionContext   : Began transaction (1) for test context [DefaultTestContext@54687fd0 testClass = StockServiceImplTest, testInstance = tn.esprit.devops_project.services.StockServiceImplTest@2d7be8e1, testMethod = retrieveAllStock@StockServiceImplTest, testException = [null], mergedContextConfiguration = [WebMergedContextConfiguration@b2da3a5 testClass = StockServiceImplTest, locations = '{}', classes = '{class tn.esprit.devops_project.DevOps_ProjectSpringBootApplication}', contextInitializerClasses = '[]', activeProfiles = '{test}', propertySourceLocations = '{}', propertySourceProperties = '{org.springframework.boot.test.context.SpringBootTestContextBootstrapper=true}', contextCustomizers = set[org.springframework.boot.test.context.filter.ExcludeFilterContextCustomizer@78d71df1, org.springframework.boot.test.json.DuplicateJsonObjectContextCustomizerFactory$DuplicateJsonObjectContextCustomizer@4337afd, org.springframework.boot.test.mock.mockito.MockitoContextCustomizer@0, org.springframework.boot.test.web.client.TestRestTemplateContextCustomizer@2bc7db89, org.springframework.boot.test.autoconfigure.actuate.metrics.MetricsExportContextCustomizerFactory$DisableMetricExportContextCustomizer@4b1ec694, org.springframework.boot.test.autoconfigure.properties.PropertyMappingContextCustomizer@0, org.springframework.boot.test.autoconfigure.web.servlet.WebDriverContextCustomizerFactory$Customizer@66fb45e5, org.springframework.boot.test.context.SpringBootTestArgs@1, org.springframework.boot.test.context.SpringBootTestWebEnvironment@5ce33a58], resourceBasePath = 'src/main/webapp', contextLoader = 'org.springframework.boot.test.context.SpringBootContextLoader', parent = [null]], attributes = map['org.springframework.test.context.web.ServletTestExecutionListener.activateListener' -> true]]; transaction manager [org.springframework.orm.jpa.JpaTransactionManager@646085c6]; rollback [true]
Hibernate: select stock0_.id_stock as id_stock1_5_, stock0_.title as title2_5_ from stock stock0_
2023-11-01 14:52:32.705  INFO 7965 --- [           main] o.s.t.c.transaction.TransactionContext   : Rolled back transaction for test: [DefaultTestContext@54687fd0 testClass = StockServiceImplTest, testInstance = tn.esprit.devops_project.services.StockServiceImplTest@2d7be8e1, testMethod = retrieveAllStock@StockServiceImplTest, testException = org.opentest4j.AssertionFailedError: expected: <0> but was: <1>, mergedContextConfiguration = [WebMergedContextConfiguration@b2da3a5 testClass = StockServiceImplTest, locations = '{}', classes = '{class tn.esprit.devops_project.DevOps_ProjectSpringBootApplication}', contextInitializerClasses = '[]', activeProfiles = '{test}', propertySourceLocations = '{}', propertySourceProperties = '{org.springframework.boot.test.context.SpringBootTestContextBootstrapper=true}', contextCustomizers = set[org.springframework.boot.test.context.filter.ExcludeFilterContextCustomizer@78d71df1, org.springframework.boot.test.json.DuplicateJsonObjectContextCustomizerFactory$DuplicateJsonObjectContextCustomizer@4337afd, org.springframework.boot.test.mock.mockito.MockitoContextCustomizer@0, org.springframework.boot.test.web.client.TestRestTemplateContextCustomizer@2bc7db89, org.springframework.boot.test.autoconfigure.actuate.metrics.MetricsExportContextCustomizerFactory$DisableMetricExportContextCustomizer@4b1ec694, org.springframework.boot.test.autoconfigure.properties.PropertyMappingContextCustomizer@0, org.springframework.boot.test.autoconfigure.web.servlet.WebDriverContextCustomizerFactory$Customizer@66fb45e5, org.springframework.boot.test.context.SpringBootTestArgs@1, org.springframework.boot.test.context.SpringBootTestWebEnvironment@5ce33a58], resourceBasePath = 'src/main/webapp', contextLoader = 'org.springframework.boot.test.context.SpringBootContextLoader', parent = [null]], attributes = map['org.springframework.test.context.web.ServletTestExecutionListener.activateListener' -> true]]
]]></system-out>
  </testcase>
  <testcase name="retrieveStock" classname="tn.esprit.devops_project.services.StockServiceImplTest" time="0.121">
    <error message="Stock not found" type="java.lang.NullPointerException">java.lang.NullPointerException: Stock not found
	at tn.esprit.devops_project.services.StockServiceImplTest.retrieveStock(StockServiceImplTest.java:50)
</error>
    <system-out><![CDATA[2023-11-01 14:52:32.730  INFO 7965 --- [           main] o.s.t.c.transaction.TransactionContext   : Began transaction (1) for test context [DefaultTestContext@54687fd0 testClass = StockServiceImplTest, testInstance = tn.esprit.devops_project.services.StockServiceImplTest@4e16ad82, testMethod = retrieveStock@StockServiceImplTest, testException = [null], mergedContextConfiguration = [WebMergedContextConfiguration@b2da3a5 testClass = StockServiceImplTest, locations = '{}', classes = '{class tn.esprit.devops_project.DevOps_ProjectSpringBootApplication}', contextInitializerClasses = '[]', activeProfiles = '{test}', propertySourceLocations = '{}', propertySourceProperties = '{org.springframework.boot.test.context.SpringBootTestContextBootstrapper=true}', contextCustomizers = set[org.springframework.boot.test.context.filter.ExcludeFilterContextCustomizer@78d71df1, org.springframework.boot.test.json.DuplicateJsonObjectContextCustomizerFactory$DuplicateJsonObjectContextCustomizer@4337afd, org.springframework.boot.test.mock.mockito.MockitoContextCustomizer@0, org.springframework.boot.test.web.client.TestRestTemplateContextCustomizer@2bc7db89, org.springframework.boot.test.autoconfigure.actuate.metrics.MetricsExportContextCustomizerFactory$DisableMetricExportContextCustomizer@4b1ec694, org.springframework.boot.test.autoconfigure.properties.PropertyMappingContextCustomizer@0, org.springframework.boot.test.autoconfigure.web.servlet.WebDriverContextCustomizerFactory$Customizer@66fb45e5, org.springframework.boot.test.context.SpringBootTestArgs@1, org.springframework.boot.test.context.SpringBootTestWebEnvironment@5ce33a58], resourceBasePath = 'src/main/webapp', contextLoader = 'org.springframework.boot.test.context.SpringBootContextLoader', parent = [null]], attributes = map['org.springframework.test.context.web.ServletTestExecutionListener.activateListener' -> true]]; transaction manager [org.springframework.orm.jpa.JpaTransactionManager@646085c6]; rollback [true]
Hibernate: select stock0_.id_stock as id_stock1_5_0_, stock0_.title as title2_5_0_ from stock stock0_ where stock0_.id_stock=?
2023-11-01 14:52:32.850  INFO 7965 --- [           main] o.s.t.c.transaction.TransactionContext   : Rolled back transaction for test: [DefaultTestContext@54687fd0 testClass = StockServiceImplTest, testInstance = tn.esprit.devops_project.services.StockServiceImplTest@4e16ad82, testMethod = retrieveStock@StockServiceImplTest, testException = java.lang.NullPointerException: Stock not found, mergedContextConfiguration = [WebMergedContextConfiguration@b2da3a5 testClass = StockServiceImplTest, locations = '{}', classes = '{class tn.esprit.devops_project.DevOps_ProjectSpringBootApplication}', contextInitializerClasses = '[]', activeProfiles = '{test}', propertySourceLocations = '{}', propertySourceProperties = '{org.springframework.boot.test.context.SpringBootTestContextBootstrapper=true}', contextCustomizers = set[org.springframework.boot.test.context.filter.ExcludeFilterContextCustomizer@78d71df1, org.springframework.boot.test.json.DuplicateJsonObjectContextCustomizerFactory$DuplicateJsonObjectContextCustomizer@4337afd, org.springframework.boot.test.mock.mockito.MockitoContextCustomizer@0, org.springframework.boot.test.web.client.TestRestTemplateContextCustomizer@2bc7db89, org.springframework.boot.test.autoconfigure.actuate.metrics.MetricsExportContextCustomizerFactory$DisableMetricExportContextCustomizer@4b1ec694, org.springframework.boot.test.autoconfigure.properties.PropertyMappingContextCustomizer@0, org.springframework.boot.test.autoconfigure.web.servlet.WebDriverContextCustomizerFactory$Customizer@66fb45e5, org.springframework.boot.test.context.SpringBootTestArgs@1, org.springframework.boot.test.context.SpringBootTestWebEnvironment@5ce33a58], resourceBasePath = 'src/main/webapp', contextLoader = 'org.springframework.boot.test.context.SpringBootContextLoader', parent = [null]], attributes = map['org.springframework.test.context.web.ServletTestExecutionListener.activateListener' -> true]]
]]></system-out>
  </testcase>
</testsuite>